<?xml version="1.0" encoding="UTF-8"?>
<testng-results skipped="0" failed="0" ignored="0" total="1" passed="1">
  <reporter-output>
  </reporter-output>
  <suite name="EC2 Management Test Suite" duration-ms="93110" started-at="2018-08-30T10:53:41Z" finished-at="2018-08-30T10:55:14Z">
    <groups>
    </groups>
    <test name="DEC2 Management" duration-ms="93110" started-at="2018-08-30T10:53:41Z" finished-at="2018-08-30T10:55:14Z">
      <class name="org.vimukt.test.EC2ManagementTest">
        <test-method status="PASS" signature="manageEC2Instance()[pri:0, instance:org.vimukt.test.EC2ManagementTest@18be83e4]" name="manageEC2Instance" duration-ms="93086" started-at="2018-08-30T10:53:41Z" finished-at="2018-08-30T10:55:14Z">
          <reporter-output>
          </reporter-output>
        </test-method> <!-- manageEC2Instance -->
      </class> <!-- org.vimukt.test.EC2ManagementTest -->
    </test> <!-- DEC2 Management -->
  </suite> <!-- EC2 Management Test Suite -->
</testng-results>
